0 info it worked if it ends with ok
1 verbose cli [ 'c:\\Program Files\\nodejs\\node.exe',
1 verbose cli   'c:\\Program Files\\nodejs\\node_modules\\npm\\bin\\npm-cli.js',
1 verbose cli   'start' ]
2 info using npm@3.10.10
3 info using node@v6.10.1
4 verbose run-script [ 'prestart', 'start', 'poststart' ]
5 info lifecycle aplicaciontfg@0.0.0~prestart: aplicaciontfg@0.0.0
6 silly lifecycle aplicaciontfg@0.0.0~prestart: no script for prestart, continuing
7 info lifecycle aplicaciontfg@0.0.0~start: aplicaciontfg@0.0.0
8 verbose lifecycle aplicaciontfg@0.0.0~start: unsafe-perm in lifecycle true
9 verbose lifecycle aplicaciontfg@0.0.0~start: PATH: c:\Program Files\nodejs\node_modules\npm\bin\node-gyp-bin;C:\Users\Usuario\Desktop\TFG AUTOBUS\aplicacionTFG\node_modules\.bin;C:\Program Files\Docker\Docker\Resources\bin;c:\programdata\oracle\java\javapath;c:\windows\system32;c:\windows;c:\windows\system32\wbem;c:\windows\system32\windowspowershell\v1.0\;h:\program files (x86)\skype\phone\;h:\program files (x86)\quicktime\qtsystem\;c:\windows\system32;c:\windows;c:\windows\system32\wbem;c:\windows\system32\windowspowershell\v1.0\;h:\program files (x86)\livestreamer;c:\program files\nodejs\;C:\Program Files (x86)\NVIDIA Corporation\PhysX\Common;H:\Program Files\PuTTY\;H:\Python27;C:\Users\Usuario\AppData\Roaming\npm;H:\Program Files (x86)\Microsoft VS Code\bin
10 verbose lifecycle aplicaciontfg@0.0.0~start: CWD: C:\Users\Usuario\Desktop\TFG AUTOBUS\aplicacionTFG
11 silly lifecycle aplicaciontfg@0.0.0~start: Args: [ '/d /s /c', 'node ./bin/www' ]
12 silly lifecycle aplicaciontfg@0.0.0~start: Returned: code: 1  signal: null
13 info lifecycle aplicaciontfg@0.0.0~start: Failed to exec start script
14 verbose stack Error: aplicaciontfg@0.0.0 start: `node ./bin/www`
14 verbose stack Exit status 1
14 verbose stack     at EventEmitter.<anonymous> (c:\Program Files\nodejs\node_modules\npm\lib\utils\lifecycle.js:255:16)
14 verbose stack     at emitTwo (events.js:106:13)
14 verbose stack     at EventEmitter.emit (events.js:191:7)
14 verbose stack     at ChildProcess.<anonymous> (c:\Program Files\nodejs\node_modules\npm\lib\utils\spawn.js:40:14)
14 verbose stack     at emitTwo (events.js:106:13)
14 verbose stack     at ChildProcess.emit (events.js:191:7)
14 verbose stack     at maybeClose (internal/child_process.js:886:16)
14 verbose stack     at Process.ChildProcess._handle.onexit (internal/child_process.js:226:5)
15 verbose pkgid aplicaciontfg@0.0.0
16 verbose cwd C:\Users\Usuario\Desktop\TFG AUTOBUS\aplicacionTFG
17 error Windows_NT 10.0.10586
18 error argv "c:\\Program Files\\nodejs\\node.exe" "c:\\Program Files\\nodejs\\node_modules\\npm\\bin\\npm-cli.js" "start"
19 error node v6.10.1
20 error npm  v3.10.10
21 error code ELIFECYCLE
22 error aplicaciontfg@0.0.0 start: `node ./bin/www`
22 error Exit status 1
23 error Failed at the aplicaciontfg@0.0.0 start script 'node ./bin/www'.
23 error Make sure you have the latest version of node.js and npm installed.
23 error If you do, this is most likely a problem with the aplicaciontfg package,
23 error not with npm itself.
23 error Tell the author that this fails on your system:
23 error     node ./bin/www
23 error You can get information on how to open an issue for this project with:
23 error     npm bugs aplicaciontfg
23 error Or if that isn't available, you can get their info via:
23 error     npm owner ls aplicaciontfg
23 error There is likely additional logging output above.
24 verbose exit [ 1, true ]
